<?xml version="1.0" encoding="UTF-8"?>
<Site BuildName="(empty)"
	BuildStamp="20231016-1333-Experimental"
	Name="(empty)"
	Generator="ctest-3.26.3"
	CompilerName=""
	CompilerVersion=""
	OSName="Windows"
	Hostname="DESKTOP-NEU8HNT"
	OSRelease=" Professional"
	OSVersion=" (Build 19045)"
	OSPlatform="AMD64"
	Is64Bits="1"
	VendorString="GenuineIntel"
	VendorID="Intel Corporation"
	FamilyID="6"
	ModelID="10"
	ProcessorCacheSize="-1"
	NumberOfLogicalCPU="4"
	NumberOfPhysicalCPU="4"
	TotalVirtualMemory="18702"
	TotalPhysicalMemory="16270"
	LogicalProcessorsPerPhysical="1"
	ProcessorClockFrequency="3478"
	>
	<Testing>
		<StartDateTime>Oct 16 09:33 Hora est[NON-UTF-8-BYTE-0xE1]ndar de Venezuela</StartDateTime>
		<StartTestTime>1697463204</StartTestTime>
		<TestList/>
		<EndDateTime>Oct 16 09:33 Hora est[NON-UTF-8-BYTE-0xE1]ndar de Venezuela</EndDateTime>
		<EndTestTime>1697463204</EndTestTime>
		<ElapsedMinutes>0</ElapsedMinutes>
	</Testing>
</Site>
